<?xml version="1.0" encoding="UTF-8"?>
<!-- Generated by org.testng.reporters.JUnitXMLReporter -->
<testsuite ignored="2" hostname="LAP-HO-QUA1426" failures="0" tests="4" name="Default test" time="19.032" errors="0" timestamp="2026-02-25T09:36:30 IST">
  <testcase classname="com.prac.tests.Login" name="verifyMultipleLogins" time="1.606"/>
  <testcase classname="com.prac.tests.Login" name="verifyMultipleLogins" time="1.678"/>
  <testcase classname="com.prac.tests.Login" name="verifyMultipleLogins" time="0.547"/>
  <testcase classname="com.prac.tests.Login" name="verifyMultipleLogins" time="1.199"/>
  <testcase classname="com.prac.tests.Login" name="verifyLoginWithInValidCredentials" time="0.0">
    <ignored/>
  </testcase> <!-- verifyLoginWithInValidCredentials -->
  <testcase classname="com.prac.tests.Login" name="verifyLoginWithValidCredentials" time="0.0">
    <ignored/>
  </testcase> <!-- verifyLoginWithValidCredentials -->
</testsuite> <!-- Default test -->
