<?xml version="1.0" encoding="UTF-8"?>
<!-- Generated by org.testng.reporters.JUnitXMLReporter -->
<testsuite ignored="0" hostname="LAP-HO-QUA1426" failures="1" tests="6" name="Test" time="22.811" errors="0" timestamp="2026-02-25T09:37:16 IST">
  <testcase classname="com.prac.tests.Login" name="verifyLoginWithValidCredentials" time="1.572">
    <failure type="java.lang.AssertionError" message="null">
      <![CDATA[java.lang.AssertionError: null
at com.prac.tests.Login.verifyLoginWithValidCredentials(Login.java:45)
at java.base/java.util.ArrayList.forEach(ArrayList.java:1596)
... Removed 27 stack frames]]>
    </failure>
  </testcase> <!-- verifyLoginWithValidCredentials -->
  <testcase classname="com.prac.tests.Login" name="verifyLoginWithInValidCredentials" time="0.635"/>
  <testcase classname="com.prac.tests.Login" name="verifyMultipleLogins" time="1.371"/>
  <testcase classname="com.prac.tests.Login" name="verifyMultipleLogins" time="1.235"/>
  <testcase classname="com.prac.tests.Login" name="verifyMultipleLogins" time="1.072"/>
  <testcase classname="com.prac.tests.Login" name="verifyMultipleLogins" time="0.461"/>
</testsuite> <!-- Test -->
