<?xml version="1.0" encoding="UTF-8"?>
<!-- Generated by org.testng.reporters.JUnitXMLReporter -->
<testsuite ignored="0" hostname="LAP-HO-QUA1426" failures="1" tests="6" name="Test" time="29.589" errors="0" timestamp="2026-02-25T10:39:28 IST">
  <testcase classname="com.prac.tests.Login" name="verifyLoginWithValidCredentials" time="1.572">
    <failure type="java.lang.AssertionError" message="null">
      <![CDATA[java.lang.AssertionError: null
at com.prac.tests.Login.verifyLoginWithValidCredentials(Login.java:44)
at java.base/java.util.ArrayList.forEach(ArrayList.java:1596)
... Removed 31 stack frames]]>
    </failure>
  </testcase> <!-- verifyLoginWithValidCredentials -->
  <testcase classname="com.prac.tests.Login" name="verifyLoginWithInValidCredentials" time="0.774"/>
  <testcase classname="com.prac.tests.Login" name="verifyMultipleLogins" time="1.566"/>
  <testcase classname="com.prac.tests.Login" name="verifyMultipleLogins" time="1.193"/>
  <testcase classname="com.prac.tests.Login" name="verifyMultipleLogins" time="0.518"/>
  <testcase classname="com.prac.tests.Login" name="verifyMultipleLogins" time="0.586"/>
</testsuite> <!-- Test -->
