<?xml version="1.0" encoding="UTF-8"?>
<testsuite xmlns:xsi="http://www.w3.org/2001/XMLSchema-instance" xsi:noNamespaceSchemaLocation="https://maven.apache.org/surefire/maven-surefire-plugin/xsd/surefire-test-report.xsd" version="3.0.2" name="TestSuite" time="31.264" tests="6" errors="0" skipped="0" failures="1" flakes="0">
  <properties>
    <property name="java.specification.version" value="21"/>
    <property name="webdriver.chrome.driver" value="C:\Users\SumitKumar\.cache\selenium\chromedriver\win64\145.0.7632.117\chromedriver.exe"/>
    <property name="sun.cpu.isalist" value="amd64"/>
    <property name="sun.jnu.encoding" value="Cp1252"/>
    <property name="java.class.path" value="C:\Users\SumitKumar\eclipse-workspace\PracSel\target\test-classes;C:\Users\SumitKumar\eclipse-workspace\PracSel\target\classes;C:\Users\SumitKumar\.m2\repository\org\seleniumhq\selenium\selenium-java\4.41.0\selenium-java-4.41.0.jar;C:\Users\SumitKumar\.m2\repository\org\seleniumhq\selenium\selenium-api\4.41.0\selenium-api-4.41.0.jar;C:\Users\SumitKumar\.m2\repository\org\jspecify\jspecify\1.0.0\jspecify-1.0.0.jar;C:\Users\SumitKumar\.m2\repository\org\seleniumhq\selenium\selenium-chrome-driver\4.41.0\selenium-chrome-driver-4.41.0.jar;C:\Users\SumitKumar\.m2\repository\com\google\auto\service\auto-service-annotations\1.1.1\auto-service-annotations-1.1.1.jar;C:\Users\SumitKumar\.m2\repository\org\seleniumhq\selenium\selenium-chromium-driver\4.41.0\selenium-chromium-driver-4.41.0.jar;C:\Users\SumitKumar\.m2\repository\org\seleniumhq\selenium\selenium-json\4.41.0\selenium-json-4.41.0.jar;C:\Users\SumitKumar\.m2\repository\org\seleniumhq\selenium\selenium-manager\4.41.0\selenium-manager-4.41.0.jar;C:\Users\SumitKumar\.m2\repository\org\seleniumhq\selenium\selenium-devtools-v143\4.41.0\selenium-devtools-v143-4.41.0.jar;C:\Users\SumitKumar\.m2\repository\org\seleniumhq\selenium\selenium-devtools-v144\4.41.0\selenium-devtools-v144-4.41.0.jar;C:\Users\SumitKumar\.m2\repository\org\seleniumhq\selenium\selenium-devtools-v145\4.41.0\selenium-devtools-v145-4.41.0.jar;C:\Users\SumitKumar\.m2\repository\org\seleniumhq\selenium\selenium-edge-driver\4.41.0\selenium-edge-driver-4.41.0.jar;C:\Users\SumitKumar\.m2\repository\org\seleniumhq\selenium\selenium-firefox-driver\4.41.0\selenium-firefox-driver-4.41.0.jar;C:\Users\SumitKumar\.m2\repository\org\seleniumhq\selenium\selenium-http\4.41.0\selenium-http-4.41.0.jar;C:\Users\SumitKumar\.m2\repository\org\seleniumhq\selenium\selenium-ie-driver\4.41.0\selenium-ie-driver-4.41.0.jar;C:\Users\SumitKumar\.m2\repository\org\seleniumhq\selenium\selenium-remote-driver\4.41.0\selenium-remote-driver-4.41.0.jar;C:\Users\SumitKumar\.m2\repository\com\google\guava\guava\33.5.0-jre\guava-33.5.0-jre.jar;C:\Users\SumitKumar\.m2\repository\com\google\guava\failureaccess\1.0.3\failureaccess-1.0.3.jar;C:\Users\SumitKumar\.m2\repository\com\google\guava\listenablefuture\9999.0-empty-to-avoid-conflict-with-guava\listenablefuture-9999.0-empty-to-avoid-conflict-with-guava.jar;C:\Users\SumitKumar\.m2\repository\com\google\j2objc\j2objc-annotations\3.1\j2objc-annotations-3.1.jar;C:\Users\SumitKumar\.m2\repository\io\opentelemetry\opentelemetry-api\1.59.0\opentelemetry-api-1.59.0.jar;C:\Users\SumitKumar\.m2\repository\io\opentelemetry\opentelemetry-context\1.59.0\opentelemetry-context-1.59.0.jar;C:\Users\SumitKumar\.m2\repository\io\opentelemetry\opentelemetry-common\1.59.0\opentelemetry-common-1.59.0.jar;C:\Users\SumitKumar\.m2\repository\io\opentelemetry\opentelemetry-exporter-logging\1.59.0\opentelemetry-exporter-logging-1.59.0.jar;C:\Users\SumitKumar\.m2\repository\io\opentelemetry\opentelemetry-sdk-common\1.59.0\opentelemetry-sdk-common-1.59.0.jar;C:\Users\SumitKumar\.m2\repository\io\opentelemetry\opentelemetry-sdk-extension-autoconfigure-spi\1.59.0\opentelemetry-sdk-extension-autoconfigure-spi-1.59.0.jar;C:\Users\SumitKumar\.m2\repository\io\opentelemetry\opentelemetry-sdk-extension-autoconfigure\1.59.0\opentelemetry-sdk-extension-autoconfigure-1.59.0.jar;C:\Users\SumitKumar\.m2\repository\io\opentelemetry\opentelemetry-sdk-trace\1.59.0\opentelemetry-sdk-trace-1.59.0.jar;C:\Users\SumitKumar\.m2\repository\io\opentelemetry\opentelemetry-sdk\1.59.0\opentelemetry-sdk-1.59.0.jar;C:\Users\SumitKumar\.m2\repository\io\opentelemetry\opentelemetry-sdk-metrics\1.59.0\opentelemetry-sdk-metrics-1.59.0.jar;C:\Users\SumitKumar\.m2\repository\io\opentelemetry\opentelemetry-sdk-logs\1.59.0\opentelemetry-sdk-logs-1.59.0.jar;C:\Users\SumitKumar\.m2\repository\net\bytebuddy\byte-buddy\1.18.5\byte-buddy-1.18.5.jar;C:\Users\SumitKumar\.m2\repository\org\seleniumhq\selenium\selenium-os\4.41.0\selenium-os-4.41.0.jar;C:\Users\SumitKumar\.m2\repository\org\seleniumhq\selenium\selenium-safari-driver\4.41.0\selenium-safari-driver-4.41.0.jar;C:\Users\SumitKumar\.m2\repository\org\seleniumhq\selenium\selenium-support\4.41.0\selenium-support-4.41.0.jar;C:\Users\SumitKumar\.m2\repository\org\testng\testng\7.12.0\testng-7.12.0.jar;C:\Users\SumitKumar\.m2\repository\org\slf4j\slf4j-api\2.0.16\slf4j-api-2.0.16.jar;C:\Users\SumitKumar\.m2\repository\org\jcommander\jcommander\1.83\jcommander-1.83.jar;C:\Users\SumitKumar\.m2\repository\org\webjars\jquery\3.7.1\jquery-3.7.1.jar;C:\Users\SumitKumar\.m2\repository\io\github\bonigarcia\webdrivermanager\6.3.3\webdrivermanager-6.3.3.jar;C:\Users\SumitKumar\.m2\repository\com\google\code\gson\gson\2.13.2\gson-2.13.2.jar;C:\Users\SumitKumar\.m2\repository\com\google\errorprone\error_prone_annotations\2.41.0\error_prone_annotations-2.41.0.jar;C:\Users\SumitKumar\.m2\repository\com\github\docker-java\docker-java\3.6.0\docker-java-3.6.0.jar;C:\Users\SumitKumar\.m2\repository\com\github\docker-java\docker-java-core\3.6.0\docker-java-core-3.6.0.jar;C:\Users\SumitKumar\.m2\repository\com\github\docker-java\docker-java-api\3.6.0\docker-java-api-3.6.0.jar;C:\Users\SumitKumar\.m2\repository\com\fasterxml\jackson\core\jackson-annotations\2.19.2\jackson-annotations-2.19.2.jar;C:\Users\SumitKumar\.m2\repository\com\fasterxml\jackson\core\jackson-databind\2.19.2\jackson-databind-2.19.2.jar;C:\Users\SumitKumar\.m2\repository\com\fasterxml\jackson\core\jackson-core\2.19.2\jackson-core-2.19.2.jar;C:\Users\SumitKumar\.m2\repository\org\slf4j\jcl-over-slf4j\1.7.30\jcl-over-slf4j-1.7.30.jar;C:\Users\SumitKumar\.m2\repository\com\github\docker-java\docker-java-transport-httpclient5\3.6.0\docker-java-transport-httpclient5-3.6.0.jar;C:\Users\SumitKumar\.m2\repository\com\github\docker-java\docker-java-transport\3.6.0\docker-java-transport-3.6.0.jar;C:\Users\SumitKumar\.m2\repository\net\java\dev\jna\jna\5.17.0\jna-5.17.0.jar;C:\Users\SumitKumar\.m2\repository\org\brotli\dec\0.1.2\dec-0.1.2.jar;C:\Users\SumitKumar\.m2\repository\org\apache\commons\commons-lang3\3.19.0\commons-lang3-3.19.0.jar;C:\Users\SumitKumar\.m2\repository\org\apache\commons\commons-compress\1.28.0\commons-compress-1.28.0.jar;C:\Users\SumitKumar\.m2\repository\org\apache\httpcomponents\client5\httpclient5\5.4.3\httpclient5-5.4.3.jar;C:\Users\SumitKumar\.m2\repository\org\apache\httpcomponents\core5\httpcore5\5.3.4\httpcore5-5.3.4.jar;C:\Users\SumitKumar\.m2\repository\org\apache\httpcomponents\core5\httpcore5-h2\5.3.4\httpcore5-h2-5.3.4.jar;C:\Users\SumitKumar\.m2\repository\com\aventstack\extentreports\5.1.2\extentreports-5.1.2.jar;C:\Users\SumitKumar\.m2\repository\io\reactivex\rxjava3\rxjava\3.1.6\rxjava-3.1.6.jar;C:\Users\SumitKumar\.m2\repository\org\reactivestreams\reactive-streams\1.0.4\reactive-streams-1.0.4.jar;C:\Users\SumitKumar\.m2\repository\org\freemarker\freemarker\2.3.32\freemarker-2.3.32.jar;C:\Users\SumitKumar\.m2\repository\org\projectlombok\lombok\1.18.26\lombok-1.18.26.jar;C:\Users\SumitKumar\.m2\repository\org\apache\poi\poi\5.5.1\poi-5.5.1.jar;C:\Users\SumitKumar\.m2\repository\commons-codec\commons-codec\1.20.0\commons-codec-1.20.0.jar;C:\Users\SumitKumar\.m2\repository\org\apache\commons\commons-collections4\4.5.0\commons-collections4-4.5.0.jar;C:\Users\SumitKumar\.m2\repository\org\apache\commons\commons-math3\3.6.1\commons-math3-3.6.1.jar;C:\Users\SumitKumar\.m2\repository\commons-io\commons-io\2.21.0\commons-io-2.21.0.jar;C:\Users\SumitKumar\.m2\repository\com\zaxxer\SparseBitSet\1.3\SparseBitSet-1.3.jar;C:\Users\SumitKumar\.m2\repository\org\apache\logging\log4j\log4j-api\2.24.3\log4j-api-2.24.3.jar;C:\Users\SumitKumar\.m2\repository\org\apache\poi\poi-ooxml\5.5.1\poi-ooxml-5.5.1.jar;C:\Users\SumitKumar\.m2\repository\org\apache\poi\poi-ooxml-lite\5.5.1\poi-ooxml-lite-5.5.1.jar;C:\Users\SumitKumar\.m2\repository\org\apache\xmlbeans\xmlbeans\5.3.0\xmlbeans-5.3.0.jar;C:\Users\SumitKumar\.m2\repository\com\github\virtuald\curvesapi\1.08\curvesapi-1.08.jar;"/>
    <property name="java.vm.vendor" value="Oracle Corporation"/>
    <property name="sun.arch.data.model" value="64"/>
    <property name="user.variant" value=""/>
    <property name="java.vendor.url" value="https://java.oracle.com/"/>
    <property name="user.timezone" value="Asia/Calcutta"/>
    <property name="os.name" value="Windows 11"/>
    <property name="java.vm.specification.version" value="21"/>
    <property name="sun.java.launcher" value="SUN_STANDARD"/>
    <property name="user.country" value="IN"/>
    <property name="sun.boot.library.path" value="C:\Program Files\Java\jdk-21\bin"/>
    <property name="sun.java.command" value="C:\Users\SumitKumar\AppData\Local\Temp\surefire17476950506404226480\surefirebooter-20260225103854743_3.jar C:\Users\SumitKumar\AppData\Local\Temp\surefire17476950506404226480 2026-02-25T10-38-53_991-jvmRun1 surefire-20260225103854743_1tmp surefire_0-20260225103854743_2tmp"/>
    <property name="jdk.debug" value="release"/>
    <property name="surefire.test.class.path" value="C:\Users\SumitKumar\eclipse-workspace\PracSel\target\test-classes;C:\Users\SumitKumar\eclipse-workspace\PracSel\target\classes;C:\Users\SumitKumar\.m2\repository\org\seleniumhq\selenium\selenium-java\4.41.0\selenium-java-4.41.0.jar;C:\Users\SumitKumar\.m2\repository\org\seleniumhq\selenium\selenium-api\4.41.0\selenium-api-4.41.0.jar;C:\Users\SumitKumar\.m2\repository\org\jspecify\jspecify\1.0.0\jspecify-1.0.0.jar;C:\Users\SumitKumar\.m2\repository\org\seleniumhq\selenium\selenium-chrome-driver\4.41.0\selenium-chrome-driver-4.41.0.jar;C:\Users\SumitKumar\.m2\repository\com\google\auto\service\auto-service-annotations\1.1.1\auto-service-annotations-1.1.1.jar;C:\Users\SumitKumar\.m2\repository\org\seleniumhq\selenium\selenium-chromium-driver\4.41.0\selenium-chromium-driver-4.41.0.jar;C:\Users\SumitKumar\.m2\repository\org\seleniumhq\selenium\selenium-json\4.41.0\selenium-json-4.41.0.jar;C:\Users\SumitKumar\.m2\repository\org\seleniumhq\selenium\selenium-manager\4.41.0\selenium-manager-4.41.0.jar;C:\Users\SumitKumar\.m2\repository\org\seleniumhq\selenium\selenium-devtools-v143\4.41.0\selenium-devtools-v143-4.41.0.jar;C:\Users\SumitKumar\.m2\repository\org\seleniumhq\selenium\selenium-devtools-v144\4.41.0\selenium-devtools-v144-4.41.0.jar;C:\Users\SumitKumar\.m2\repository\org\seleniumhq\selenium\selenium-devtools-v145\4.41.0\selenium-devtools-v145-4.41.0.jar;C:\Users\SumitKumar\.m2\repository\org\seleniumhq\selenium\selenium-edge-driver\4.41.0\selenium-edge-driver-4.41.0.jar;C:\Users\SumitKumar\.m2\repository\org\seleniumhq\selenium\selenium-firefox-driver\4.41.0\selenium-firefox-driver-4.41.0.jar;C:\Users\SumitKumar\.m2\repository\org\seleniumhq\selenium\selenium-http\4.41.0\selenium-http-4.41.0.jar;C:\Users\SumitKumar\.m2\repository\org\seleniumhq\selenium\selenium-ie-driver\4.41.0\selenium-ie-driver-4.41.0.jar;C:\Users\SumitKumar\.m2\repository\org\seleniumhq\selenium\selenium-remote-driver\4.41.0\selenium-remote-driver-4.41.0.jar;C:\Users\SumitKumar\.m2\repository\com\google\guava\guava\33.5.0-jre\guava-33.5.0-jre.jar;C:\Users\SumitKumar\.m2\repository\com\google\guava\failureaccess\1.0.3\failureaccess-1.0.3.jar;C:\Users\SumitKumar\.m2\repository\com\google\guava\listenablefuture\9999.0-empty-to-avoid-conflict-with-guava\listenablefuture-9999.0-empty-to-avoid-conflict-with-guava.jar;C:\Users\SumitKumar\.m2\repository\com\google\j2objc\j2objc-annotations\3.1\j2objc-annotations-3.1.jar;C:\Users\SumitKumar\.m2\repository\io\opentelemetry\opentelemetry-api\1.59.0\opentelemetry-api-1.59.0.jar;C:\Users\SumitKumar\.m2\repository\io\opentelemetry\opentelemetry-context\1.59.0\opentelemetry-context-1.59.0.jar;C:\Users\SumitKumar\.m2\repository\io\opentelemetry\opentelemetry-common\1.59.0\opentelemetry-common-1.59.0.jar;C:\Users\SumitKumar\.m2\repository\io\opentelemetry\opentelemetry-exporter-logging\1.59.0\opentelemetry-exporter-logging-1.59.0.jar;C:\Users\SumitKumar\.m2\repository\io\opentelemetry\opentelemetry-sdk-common\1.59.0\opentelemetry-sdk-common-1.59.0.jar;C:\Users\SumitKumar\.m2\repository\io\opentelemetry\opentelemetry-sdk-extension-autoconfigure-spi\1.59.0\opentelemetry-sdk-extension-autoconfigure-spi-1.59.0.jar;C:\Users\SumitKumar\.m2\repository\io\opentelemetry\opentelemetry-sdk-extension-autoconfigure\1.59.0\opentelemetry-sdk-extension-autoconfigure-1.59.0.jar;C:\Users\SumitKumar\.m2\repository\io\opentelemetry\opentelemetry-sdk-trace\1.59.0\opentelemetry-sdk-trace-1.59.0.jar;C:\Users\SumitKumar\.m2\repository\io\opentelemetry\opentelemetry-sdk\1.59.0\opentelemetry-sdk-1.59.0.jar;C:\Users\SumitKumar\.m2\repository\io\opentelemetry\opentelemetry-sdk-metrics\1.59.0\opentelemetry-sdk-metrics-1.59.0.jar;C:\Users\SumitKumar\.m2\repository\io\opentelemetry\opentelemetry-sdk-logs\1.59.0\opentelemetry-sdk-logs-1.59.0.jar;C:\Users\SumitKumar\.m2\repository\net\bytebuddy\byte-buddy\1.18.5\byte-buddy-1.18.5.jar;C:\Users\SumitKumar\.m2\repository\org\seleniumhq\selenium\selenium-os\4.41.0\selenium-os-4.41.0.jar;C:\Users\SumitKumar\.m2\repository\org\seleniumhq\selenium\selenium-safari-driver\4.41.0\selenium-safari-driver-4.41.0.jar;C:\Users\SumitKumar\.m2\repository\org\seleniumhq\selenium\selenium-support\4.41.0\selenium-support-4.41.0.jar;C:\Users\SumitKumar\.m2\repository\org\testng\testng\7.12.0\testng-7.12.0.jar;C:\Users\SumitKumar\.m2\repository\org\slf4j\slf4j-api\2.0.16\slf4j-api-2.0.16.jar;C:\Users\SumitKumar\.m2\repository\org\jcommander\jcommander\1.83\jcommander-1.83.jar;C:\Users\SumitKumar\.m2\repository\org\webjars\jquery\3.7.1\jquery-3.7.1.jar;C:\Users\SumitKumar\.m2\repository\io\github\bonigarcia\webdrivermanager\6.3.3\webdrivermanager-6.3.3.jar;C:\Users\SumitKumar\.m2\repository\com\google\code\gson\gson\2.13.2\gson-2.13.2.jar;C:\Users\SumitKumar\.m2\repository\com\google\errorprone\error_prone_annotations\2.41.0\error_prone_annotations-2.41.0.jar;C:\Users\SumitKumar\.m2\repository\com\github\docker-java\docker-java\3.6.0\docker-java-3.6.0.jar;C:\Users\SumitKumar\.m2\repository\com\github\docker-java\docker-java-core\3.6.0\docker-java-core-3.6.0.jar;C:\Users\SumitKumar\.m2\repository\com\github\docker-java\docker-java-api\3.6.0\docker-java-api-3.6.0.jar;C:\Users\SumitKumar\.m2\repository\com\fasterxml\jackson\core\jackson-annotations\2.19.2\jackson-annotations-2.19.2.jar;C:\Users\SumitKumar\.m2\repository\com\fasterxml\jackson\core\jackson-databind\2.19.2\jackson-databind-2.19.2.jar;C:\Users\SumitKumar\.m2\repository\com\fasterxml\jackson\core\jackson-core\2.19.2\jackson-core-2.19.2.jar;C:\Users\SumitKumar\.m2\repository\org\slf4j\jcl-over-slf4j\1.7.30\jcl-over-slf4j-1.7.30.jar;C:\Users\SumitKumar\.m2\repository\com\github\docker-java\docker-java-transport-httpclient5\3.6.0\docker-java-transport-httpclient5-3.6.0.jar;C:\Users\SumitKumar\.m2\repository\com\github\docker-java\docker-java-transport\3.6.0\docker-java-transport-3.6.0.jar;C:\Users\SumitKumar\.m2\repository\net\java\dev\jna\jna\5.17.0\jna-5.17.0.jar;C:\Users\SumitKumar\.m2\repository\org\brotli\dec\0.1.2\dec-0.1.2.jar;C:\Users\SumitKumar\.m2\repository\org\apache\commons\commons-lang3\3.19.0\commons-lang3-3.19.0.jar;C:\Users\SumitKumar\.m2\repository\org\apache\commons\commons-compress\1.28.0\commons-compress-1.28.0.jar;C:\Users\SumitKumar\.m2\repository\org\apache\httpcomponents\client5\httpclient5\5.4.3\httpclient5-5.4.3.jar;C:\Users\SumitKumar\.m2\repository\org\apache\httpcomponents\core5\httpcore5\5.3.4\httpcore5-5.3.4.jar;C:\Users\SumitKumar\.m2\repository\org\apache\httpcomponents\core5\httpcore5-h2\5.3.4\httpcore5-h2-5.3.4.jar;C:\Users\SumitKumar\.m2\repository\com\aventstack\extentreports\5.1.2\extentreports-5.1.2.jar;C:\Users\SumitKumar\.m2\repository\io\reactivex\rxjava3\rxjava\3.1.6\rxjava-3.1.6.jar;C:\Users\SumitKumar\.m2\repository\org\reactivestreams\reactive-streams\1.0.4\reactive-streams-1.0.4.jar;C:\Users\SumitKumar\.m2\repository\org\freemarker\freemarker\2.3.32\freemarker-2.3.32.jar;C:\Users\SumitKumar\.m2\repository\org\projectlombok\lombok\1.18.26\lombok-1.18.26.jar;C:\Users\SumitKumar\.m2\repository\org\apache\poi\poi\5.5.1\poi-5.5.1.jar;C:\Users\SumitKumar\.m2\repository\commons-codec\commons-codec\1.20.0\commons-codec-1.20.0.jar;C:\Users\SumitKumar\.m2\repository\org\apache\commons\commons-collections4\4.5.0\commons-collections4-4.5.0.jar;C:\Users\SumitKumar\.m2\repository\org\apache\commons\commons-math3\3.6.1\commons-math3-3.6.1.jar;C:\Users\SumitKumar\.m2\repository\commons-io\commons-io\2.21.0\commons-io-2.21.0.jar;C:\Users\SumitKumar\.m2\repository\com\zaxxer\SparseBitSet\1.3\SparseBitSet-1.3.jar;C:\Users\SumitKumar\.m2\repository\org\apache\logging\log4j\log4j-api\2.24.3\log4j-api-2.24.3.jar;C:\Users\SumitKumar\.m2\repository\org\apache\poi\poi-ooxml\5.5.1\poi-ooxml-5.5.1.jar;C:\Users\SumitKumar\.m2\repository\org\apache\poi\poi-ooxml-lite\5.5.1\poi-ooxml-lite-5.5.1.jar;C:\Users\SumitKumar\.m2\repository\org\apache\xmlbeans\xmlbeans\5.3.0\xmlbeans-5.3.0.jar;C:\Users\SumitKumar\.m2\repository\com\github\virtuald\curvesapi\1.08\curvesapi-1.08.jar;"/>
    <property name="sun.cpu.endian" value="little"/>
    <property name="user.home" value="C:\Users\SumitKumar"/>
    <property name="user.language" value="en"/>
    <property name="java.specification.vendor" value="Oracle Corporation"/>
    <property name="java.version.date" value="2025-10-21"/>
    <property name="java.home" value="C:\Program Files\Java\jdk-21"/>
    <property name="file.separator" value="\"/>
    <property name="basedir" value="C:\Users\SumitKumar\eclipse-workspace\PracSel"/>
    <property name="java.vm.compressedOopsMode" value="Zero based"/>
    <property name="line.separator" value="&#10;"/>
    <property name="java.vm.specification.vendor" value="Oracle Corporation"/>
    <property name="java.specification.name" value="Java Platform API Specification"/>
    <property name="surefire.real.class.path" value="C:\Users\SumitKumar\AppData\Local\Temp\surefire17476950506404226480\surefirebooter-20260225103854743_3.jar"/>
    <property name="user.script" value=""/>
    <property name="sun.management.compiler" value="HotSpot 64-Bit Tiered Compilers"/>
    <property name="java.runtime.version" value="21.0.9+7-LTS-338"/>
    <property name="user.name" value="SumitKumar"/>
    <property name="stdout.encoding" value="Cp1252"/>
    <property name="path.separator" value=";"/>
    <property name="os.version" value="10.0"/>
    <property name="java.runtime.name" value="Java(TM) SE Runtime Environment"/>
    <property name="file.encoding" value="UTF-8"/>
    <property name="java.vm.name" value="Java HotSpot(TM) 64-Bit Server VM"/>
    <property name="localRepository" value="C:\Users\SumitKumar\.m2\repository"/>
    <property name="java.vendor.url.bug" value="https://bugreport.java.com/bugreport/"/>
    <property name="java.io.tmpdir" value="C:\Users\SUMITK~1\AppData\Local\Temp\"/>
    <property name="java.version" value="21.0.9"/>
    <property name="user.dir" value="C:\Users\SumitKumar\eclipse-workspace\PracSel"/>
    <property name="os.arch" value="amd64"/>
    <property name="java.vm.specification.name" value="Java Virtual Machine Specification"/>
    <property name="sun.os.patch.level" value=""/>
    <property name="native.encoding" value="Cp1252"/>
    <property name="java.library.path" value="C:\Program Files\Java\jdk-21\bin;C:\WINDOWS\Sun\Java\bin;C:\WINDOWS\system32;C:\WINDOWS;C:\Users\SumitKumar\.jenkins\tools\hudson.tasks.Maven_MavenInstallation\maven/bin;C:\Program Files\Java\jdk-21/bin;C:\Program Files\Java\jdk-21/bin;C:\Program Files (x86)\TRICENTIS\Tosca Testsuite\ToscaCommander;C:\Program Files\Common Files\Oracle\Java\javapath;C:\WINDOWS\system32;C:\WINDOWS;C:\WINDOWS\System32\Wbem;C:\WINDOWS\System32\WindowsPowerShell\v1.0\;C:\WINDOWS\System32\OpenSSH\;C:\Program Files\nodejs;C:\Program Files\nodejs\;C:\Program Files\dotnet\;C:\\Program Files\\WindowsApps\\Microsoft.DesktopAppInstaller_1.23.1791.0_x64__8wekyb3d8bbwe;C:\Program Files\Java\jdk-21\bin;C:\Program Files\Git\cmd;C:\apache-maven-3.9.12\bin;C:\Users\SumitKumar\AppData\Local\Programs\Python\Python314\Scripts\;C:\Users\SumitKumar\AppData\Local\Programs\Python\Python314\;C:\Users\SumitKumar\AppData\Local\Programs\Python\Launcher\;C:\Users\SumitKumar\AppData\Local\Microsoft\WindowsApps;C:\Users\SumitKumar\AppData\Local\Programs\Microsoft VS Code\bin;C:\Users\SumitKumar\AppData\Roaming\npm;C:\Program Files\JetBrains\PyCharm 2025.3.1\bin;C:\Program Files\Java\jdk-21\bin;C:\apache-maven-3.9.12\bin;;."/>
    <property name="java.vm.info" value="mixed mode, sharing"/>
    <property name="stderr.encoding" value="Cp1252"/>
    <property name="java.vendor" value="Oracle Corporation"/>
    <property name="java.vm.version" value="21.0.9+7-LTS-338"/>
    <property name="sun.io.unicode.encoding" value="UnicodeLittle"/>
    <property name="java.class.version" value="65.0"/>
  </properties>
  <testcase name="verifyLoginWithValidCredentials" classname="com.prac.tests.Login" time="1.815">
    <failure message="null" type="java.lang.AssertionError"><![CDATA[java.lang.AssertionError: null
	at org.testng.Assert.fail(Assert.java:111)
	at org.testng.Assert.fail(Assert.java:116)
	at com.prac.tests.Login.verifyLoginWithValidCredentials(Login.java:44)
	at java.base/jdk.internal.reflect.DirectMethodHandleAccessor.invoke(DirectMethodHandleAccessor.java:103)
	at java.base/java.lang.reflect.Method.invoke(Method.java:580)
	at org.testng.internal.invokers.MethodInvocationHelper.invokeMethod(MethodInvocationHelper.java:141)
	at org.testng.internal.invokers.TestInvoker.invokeMethod(TestInvoker.java:697)
	at org.testng.internal.invokers.TestInvoker.invokeTestMethod(TestInvoker.java:230)
	at org.testng.internal.invokers.MethodRunner.runInSequence(MethodRunner.java:63)
	at org.testng.internal.invokers.TestInvoker$MethodInvocationAgent.invoke(TestInvoker.java:1005)
	at org.testng.internal.invokers.TestInvoker.invokeTestMethods(TestInvoker.java:203)
	at org.testng.internal.invokers.TestMethodWorker.invokeTestMethods(TestMethodWorker.java:154)
	at org.testng.internal.invokers.TestMethodWorker.run(TestMethodWorker.java:134)
	at java.base/java.util.ArrayList.forEach(ArrayList.java:1596)
	at org.testng.TestRunner.privateRun(TestRunner.java:744)
	at org.testng.TestRunner.run(TestRunner.java:616)
	at org.testng.SuiteRunner.runTest(SuiteRunner.java:421)
	at org.testng.SuiteRunner.runSequentially(SuiteRunner.java:413)
	at org.testng.SuiteRunner.privateRun(SuiteRunner.java:373)
	at org.testng.SuiteRunner.run(SuiteRunner.java:312)
	at org.testng.SuiteRunnerWorker.runSuite(SuiteRunnerWorker.java:52)
	at org.testng.SuiteRunnerWorker.run(SuiteRunnerWorker.java:95)
	at org.testng.TestNG.runSuitesSequentially(TestNG.java:1274)
	at org.testng.TestNG.runSuitesLocally(TestNG.java:1208)
	at org.testng.TestNG.runSuites(TestNG.java:1112)
	at org.testng.TestNG.run(TestNG.java:1079)
	at org.apache.maven.surefire.testng.TestNGExecutor.run(TestNGExecutor.java:308)
	at org.apache.maven.surefire.testng.TestNGXmlTestSuite.execute(TestNGXmlTestSuite.java:71)
	at org.apache.maven.surefire.testng.TestNGProvider.invoke(TestNGProvider.java:113)
	at org.apache.maven.surefire.booter.ForkedBooter.runSuitesInProcess(ForkedBooter.java:385)
	at org.apache.maven.surefire.booter.ForkedBooter.execute(ForkedBooter.java:162)
	at org.apache.maven.surefire.booter.ForkedBooter.run(ForkedBooter.java:507)
	at org.apache.maven.surefire.booter.ForkedBooter.main(ForkedBooter.java:495)
]]></failure>
    <system-err><![CDATA[SLF4J(W): No SLF4J providers were found.
SLF4J(W): Defaulting to no-operation (NOP) logger implementation
SLF4J(W): See https://www.slf4j.org/codes.html#noProviders for further details.
]]></system-err>
  </testcase>
  <testcase name="verifyLoginWithInValidCredentials" classname="com.prac.tests.Login" time="0.776"/>
  <testcase name="verifyMultipleLogins[email1, password1](1)" classname="com.prac.tests.Login" time="1.569">
    <system-out><![CDATA[2026-02-25T05:09:11.959264100Z main ERROR Log4j API could not find a logging provider.
]]></system-out>
  </testcase>
  <testcase name="verifyMultipleLogins[email2, password2](2)" classname="com.prac.tests.Login" time="1.194"/>
  <testcase name="verifyMultipleLogins[email3, password3](3)" classname="com.prac.tests.Login" time="0.518"/>
  <testcase name="verifyMultipleLogins[email4, password4](4)" classname="com.prac.tests.Login" time="0.587"/>
</testsuite>