<?xml version="1.0" encoding="UTF-8"?>
<testng-results ignored="0" total="6" passed="5" failed="1" skipped="0">
  <reporter-output>
  </reporter-output>
  <suite started-at="2026-02-25T10:38:58 IST" name="Suite" finished-at="2026-02-25T10:39:27 IST" duration-ms="29589">
    <groups>
      <group name="regression">
        <method signature="Login.verifyLoginWithValidCredentials()[pri:1, instance:com.prac.tests.Login@47af7f3d]" name="verifyLoginWithValidCredentials" class="com.prac.tests.Login"/>
        <method signature="Login.verifyLoginWithInValidCredentials()[pri:2, instance:com.prac.tests.Login@47af7f3d]" name="verifyLoginWithInValidCredentials" class="com.prac.tests.Login"/>
      </group> <!-- regression -->
      <group name="smoke">
        <method signature="Login.verifyLoginWithValidCredentials()[pri:1, instance:com.prac.tests.Login@47af7f3d]" name="verifyLoginWithValidCredentials" class="com.prac.tests.Login"/>
        <method signature="Login.verifyLoginWithInValidCredentials()[pri:2, instance:com.prac.tests.Login@47af7f3d]" name="verifyLoginWithInValidCredentials" class="com.prac.tests.Login"/>
      </group> <!-- smoke -->
      <group name="login">
        <method signature="Login.verifyLoginWithValidCredentials()[pri:1, instance:com.prac.tests.Login@47af7f3d]" name="verifyLoginWithValidCredentials" class="com.prac.tests.Login"/>
        <method signature="Login.verifyLoginWithInValidCredentials()[pri:2, instance:com.prac.tests.Login@47af7f3d]" name="verifyLoginWithInValidCredentials" class="com.prac.tests.Login"/>
      </group> <!-- login -->
    </groups>
    <test started-at="2026-02-25T10:38:58 IST" name="Test" finished-at="2026-02-25T10:39:27 IST" duration-ms="29589">
      <class name="com.prac.tests.Login">
        <test-method is-config="true" signature="setUp()[pri:0, instance:com.prac.tests.Login@47af7f3d]" started-at="2026-02-25T10:38:58 IST" name="setUp" finished-at="2026-02-25T10:39:05 IST" duration-ms="7045" status="PASS">
          <reporter-output>
          </reporter-output>
        </test-method> <!-- setUp -->
        <test-method signature="verifyLoginWithValidCredentials()[pri:1, instance:com.prac.tests.Login@47af7f3d]" started-at="2026-02-25T10:39:05 IST" name="verifyLoginWithValidCredentials" finished-at="2026-02-25T10:39:07 IST" duration-ms="1572" status="FAIL">
          <exception class="java.lang.AssertionError">
            <message>
              <![CDATA[null]]>
            </message>
            <full-stacktrace>
              <![CDATA[java.lang.AssertionError: null
at org.testng.Assert.fail(Assert.java:111)
at org.testng.Assert.fail(Assert.java:116)
at com.prac.tests.Login.verifyLoginWithValidCredentials(Login.java:44)
at java.base/jdk.internal.reflect.DirectMethodHandleAccessor.invoke(DirectMethodHandleAccessor.java:103)
at java.base/java.lang.reflect.Method.invoke(Method.java:580)
at org.testng.internal.invokers.MethodInvocationHelper.invokeMethod(MethodInvocationHelper.java:141)
at org.testng.internal.invokers.TestInvoker.invokeMethod(TestInvoker.java:697)
at org.testng.internal.invokers.TestInvoker.invokeTestMethod(TestInvoker.java:230)
at org.testng.internal.invokers.MethodRunner.runInSequence(MethodRunner.java:63)
at org.testng.internal.invokers.TestInvoker$MethodInvocationAgent.invoke(TestInvoker.java:1005)
at org.testng.internal.invokers.TestInvoker.invokeTestMethods(TestInvoker.java:203)
at org.testng.internal.invokers.TestMethodWorker.invokeTestMethods(TestMethodWorker.java:154)
at org.testng.internal.invokers.TestMethodWorker.run(TestMethodWorker.java:134)
at java.base/java.util.ArrayList.forEach(ArrayList.java:1596)
at org.testng.TestRunner.privateRun(TestRunner.java:744)
at org.testng.TestRunner.run(TestRunner.java:616)
at org.testng.SuiteRunner.runTest(SuiteRunner.java:421)
at org.testng.SuiteRunner.runSequentially(SuiteRunner.java:413)
at org.testng.SuiteRunner.privateRun(SuiteRunner.java:373)
at org.testng.SuiteRunner.run(SuiteRunner.java:312)
at org.testng.SuiteRunnerWorker.runSuite(SuiteRunnerWorker.java:52)
at org.testng.SuiteRunnerWorker.run(SuiteRunnerWorker.java:95)
at org.testng.TestNG.runSuitesSequentially(TestNG.java:1274)
at org.testng.TestNG.runSuitesLocally(TestNG.java:1208)
at org.testng.TestNG.runSuites(TestNG.java:1112)
at org.testng.TestNG.run(TestNG.java:1079)
at org.apache.maven.surefire.testng.TestNGExecutor.run(TestNGExecutor.java:308)
at org.apache.maven.surefire.testng.TestNGXmlTestSuite.execute(TestNGXmlTestSuite.java:71)
at org.apache.maven.surefire.testng.TestNGProvider.invoke(TestNGProvider.java:113)
at org.apache.maven.surefire.booter.ForkedBooter.runSuitesInProcess(ForkedBooter.java:385)
at org.apache.maven.surefire.booter.ForkedBooter.execute(ForkedBooter.java:162)
at org.apache.maven.surefire.booter.ForkedBooter.run(ForkedBooter.java:507)
at org.apache.maven.surefire.booter.ForkedBooter.main(ForkedBooter.java:495)
]]>
            </full-stacktrace>
          </exception> <!-- java.lang.AssertionError -->
          <reporter-output>
          </reporter-output>
        </test-method> <!-- verifyLoginWithValidCredentials -->
        <test-method is-config="true" signature="testDown()[pri:0, instance:com.prac.tests.Login@47af7f3d]" started-at="2026-02-25T10:39:07 IST" name="testDown" finished-at="2026-02-25T10:39:07 IST" duration-ms="463" status="PASS">
          <reporter-output>
          </reporter-output>
        </test-method> <!-- testDown -->
        <test-method is-config="true" signature="setUp()[pri:0, instance:com.prac.tests.Login@47af7f3d]" started-at="2026-02-25T10:39:07 IST" name="setUp" finished-at="2026-02-25T10:39:10 IST" duration-ms="2745" status="PASS">
          <reporter-output>
          </reporter-output>
        </test-method> <!-- setUp -->
        <test-method signature="verifyLoginWithInValidCredentials()[pri:2, instance:com.prac.tests.Login@47af7f3d]" started-at="2026-02-25T10:39:10 IST" name="verifyLoginWithInValidCredentials" finished-at="2026-02-25T10:39:11 IST" duration-ms="774" status="PASS">
          <reporter-output>
          </reporter-output>
        </test-method> <!-- verifyLoginWithInValidCredentials -->
        <test-method is-config="true" signature="testDown()[pri:0, instance:com.prac.tests.Login@47af7f3d]" started-at="2026-02-25T10:39:11 IST" name="testDown" finished-at="2026-02-25T10:39:11 IST" duration-ms="457" status="PASS">
          <reporter-output>
          </reporter-output>
        </test-method> <!-- testDown -->
        <test-method is-config="true" signature="setUp()[pri:0, instance:com.prac.tests.Login@47af7f3d]" started-at="2026-02-25T10:39:12 IST" name="setUp" finished-at="2026-02-25T10:39:15 IST" duration-ms="2330" status="PASS">
          <reporter-output>
          </reporter-output>
        </test-method> <!-- setUp -->
        <test-method signature="verifyMultipleLogins(java.lang.String,java.lang.String)[pri:3, instance:com.prac.tests.Login@47af7f3d]" started-at="2026-02-25T10:39:15 IST" name="verifyMultipleLogins" data-provider="logindata" finished-at="2026-02-25T10:39:16 IST" duration-ms="1566" status="PASS">
          <params>
            <param index="0">
              <value>
                <![CDATA[email1]]>
              </value>
            </param>
            <param index="1">
              <value>
                <![CDATA[password1]]>
              </value>
            </param>
          </params>
          <reporter-output>
          </reporter-output>
        </test-method> <!-- verifyMultipleLogins -->
        <test-method is-config="true" signature="testDown()[pri:0, instance:com.prac.tests.Login@47af7f3d]" started-at="2026-02-25T10:39:16 IST" name="testDown" finished-at="2026-02-25T10:39:17 IST" duration-ms="385" status="PASS">
          <reporter-output>
          </reporter-output>
        </test-method> <!-- testDown -->
        <test-method is-config="true" signature="setUp()[pri:0, instance:com.prac.tests.Login@47af7f3d]" started-at="2026-02-25T10:39:17 IST" name="setUp" finished-at="2026-02-25T10:39:19 IST" duration-ms="2467" status="PASS">
          <reporter-output>
          </reporter-output>
        </test-method> <!-- setUp -->
        <test-method signature="verifyMultipleLogins(java.lang.String,java.lang.String)[pri:3, instance:com.prac.tests.Login@47af7f3d]" started-at="2026-02-25T10:39:19 IST" name="verifyMultipleLogins" data-provider="logindata" finished-at="2026-02-25T10:39:20 IST" duration-ms="1193" status="PASS">
          <params>
            <param index="0">
              <value>
                <![CDATA[email2]]>
              </value>
            </param>
            <param index="1">
              <value>
                <![CDATA[password2]]>
              </value>
            </param>
          </params>
          <reporter-output>
          </reporter-output>
        </test-method> <!-- verifyMultipleLogins -->
        <test-method is-config="true" signature="testDown()[pri:0, instance:com.prac.tests.Login@47af7f3d]" started-at="2026-02-25T10:39:20 IST" name="testDown" finished-at="2026-02-25T10:39:21 IST" duration-ms="398" status="PASS">
          <reporter-output>
          </reporter-output>
        </test-method> <!-- testDown -->
        <test-method is-config="true" signature="setUp()[pri:0, instance:com.prac.tests.Login@47af7f3d]" started-at="2026-02-25T10:39:21 IST" name="setUp" finished-at="2026-02-25T10:39:23 IST" duration-ms="2333" status="PASS">
          <reporter-output>
          </reporter-output>
        </test-method> <!-- setUp -->
        <test-method signature="verifyMultipleLogins(java.lang.String,java.lang.String)[pri:3, instance:com.prac.tests.Login@47af7f3d]" started-at="2026-02-25T10:39:23 IST" name="verifyMultipleLogins" data-provider="logindata" finished-at="2026-02-25T10:39:24 IST" duration-ms="518" status="PASS">
          <params>
            <param index="0">
              <value>
                <![CDATA[email3]]>
              </value>
            </param>
            <param index="1">
              <value>
                <![CDATA[password3]]>
              </value>
            </param>
          </params>
          <reporter-output>
          </reporter-output>
        </test-method> <!-- verifyMultipleLogins -->
        <test-method is-config="true" signature="testDown()[pri:0, instance:com.prac.tests.Login@47af7f3d]" started-at="2026-02-25T10:39:24 IST" name="testDown" finished-at="2026-02-25T10:39:24 IST" duration-ms="394" status="PASS">
          <reporter-output>
          </reporter-output>
        </test-method> <!-- testDown -->
        <test-method is-config="true" signature="setUp()[pri:0, instance:com.prac.tests.Login@47af7f3d]" started-at="2026-02-25T10:39:24 IST" name="setUp" finished-at="2026-02-25T10:39:26 IST" duration-ms="2320" status="PASS">
          <reporter-output>
          </reporter-output>
        </test-method> <!-- setUp -->
        <test-method signature="verifyMultipleLogins(java.lang.String,java.lang.String)[pri:3, instance:com.prac.tests.Login@47af7f3d]" started-at="2026-02-25T10:39:26 IST" name="verifyMultipleLogins" data-provider="logindata" finished-at="2026-02-25T10:39:27 IST" duration-ms="586" status="PASS">
          <params>
            <param index="0">
              <value>
                <![CDATA[email4]]>
              </value>
            </param>
            <param index="1">
              <value>
                <![CDATA[password4]]>
              </value>
            </param>
          </params>
          <reporter-output>
          </reporter-output>
        </test-method> <!-- verifyMultipleLogins -->
        <test-method is-config="true" signature="testDown()[pri:0, instance:com.prac.tests.Login@47af7f3d]" started-at="2026-02-25T10:39:27 IST" name="testDown" finished-at="2026-02-25T10:39:27 IST" duration-ms="353" status="PASS">
          <reporter-output>
          </reporter-output>
        </test-method> <!-- testDown -->
      </class> <!-- com.prac.tests.Login -->
    </test> <!-- Test -->
  </suite> <!-- Suite -->
</testng-results>
